WARNING: package sun.awt.X11 not in java.desktop
Creating summariser <summary>
Created the tree successfully using tpcds-scale-001.jmx
Starting standalone test @ 2023 Apr 9 13:17:11 EDT (1681060631823)
Waiting for possible Shutdown/StopTestNow/HeapDump/ThreadDump message on port 4445
Warning: Nashorn engine is planned to be removed from a future JDK release
summary +      6 in 00:00:23 =    0.3/s Avg:  3771 Min:   405 Max:  8210 Err:     0 (0.00%) Active: 1 Started: 1 Finished: 0
summary +     32 in 00:02:56 =    0.2/s Avg:  5513 Min:    15 Max: 111313 Err:     0 (0.00%) Active: 1 Started: 1 Finished: 0
summary =     38 in 00:03:19 =    0.2/s Avg:  5238 Min:    15 Max: 111313 Err:     0 (0.00%)
summary +     17 in 00:04:02 =    0.1/s Avg: 14227 Min:    38 Max: 186076 Err:     0 (0.00%) Active: 1 Started: 1 Finished: 0
summary =     55 in 00:07:21 =    0.1/s Avg:  8017 Min:    15 Max: 186076 Err:     0 (0.00%)
summary +      3 in 00:03:30 =    0.0/s Avg: 69842 Min:   348 Max: 208419 Err:     0 (0.00%) Active: 1 Started: 1 Finished: 0
summary =     58 in 00:10:51 =    0.1/s Avg: 11214 Min:    15 Max: 208419 Err:     0 (0.00%)
summary +     11 in 00:00:28 =    0.4/s Avg:  2575 Min:    26 Max: 17591 Err:     0 (0.00%) Active: 1 Started: 1 Finished: 0
summary =     69 in 00:11:19 =    0.1/s Avg:  9837 Min:    15 Max: 208419 Err:     0 (0.00%)
summary +      5 in 00:01:30 =    0.1/s Avg: 18043 Min:  2420 Max: 45770 Err:     0 (0.00%) Active: 1 Started: 1 Finished: 0
summary =     74 in 00:12:49 =    0.1/s Avg: 10391 Min:    15 Max: 208419 Err:     0 (0.00%)
summary +      4 in 00:00:29 =    0.1/s Avg:  7372 Min:    27 Max: 27344 Err:     0 (0.00%) Active: 1 Started: 1 Finished: 0
summary =     78 in 00:13:19 =    0.1/s Avg: 10237 Min:    15 Max: 208419 Err:     0 (0.00%)
summary +     11 in 00:00:59 =    0.2/s Avg:  5395 Min:    27 Max: 50163 Err:     0 (0.00%) Active: 1 Started: 1 Finished: 0
summary =     89 in 00:14:18 =    0.1/s Avg:  9638 Min:    15 Max: 208419 Err:     0 (0.00%)
summary +     11 in 00:00:06 =    1.8/s Avg:   548 Min:    32 Max:  1804 Err:     0 (0.00%) Active: 0 Started: 1 Finished: 1
summary =    100 in 00:14:24 =    0.1/s Avg:  8638 Min:    15 Max: 208419 Err:     0 (0.00%)
Tidying up ...    @ 2023 Apr 9 13:31:36 EDT (1681061496643)
... end of run
